<?xml version="1.0" encoding="UTF-8"?>
<!-- Generated by org.testng.reporters.JUnitReportReporter -->
<testsuite name="com.myframework.pom.testcase.ExcelTest" tests="1" time="0.500" ignored="0" failures="0" timestamp="14 May 2021 08:07:33 GMT" skipped="0" hostname="IN2411401W1" errors="0">
  <testcase name="excelDemo" time="0.500" classname="com.myframework.pom.testcase.ExcelTest"/>
</testsuite> <!-- com.myframework.pom.testcase.ExcelTest -->
