<?xml version="1.0" encoding="UTF-8"?>
<!-- Generated by org.testng.reporters.JUnitReportReporter -->
<testsuite name="com.myframework.pom.testcase.Day2" tests="3" time="0.003" ignored="1" failures="0" timestamp="13 May 2021 14:47:20 GMT" skipped="0" hostname="IN2411401W1" errors="0">
  <testcase name="demo6" time="0.001" classname="com.myframework.pom.testcase.Day2"/>
  <testcase name="demo4" time="0.001" classname="com.myframework.pom.testcase.Day2"/>
  <testcase name="demo5" time="0.001" classname="com.myframework.pom.testcase.Day2"/>
  <testcase name="demo2" classname="com.myframework.pom.testcase.Day1">
    <skipped/>
  </testcase> <!-- demo2 -->
</testsuite> <!-- com.myframework.pom.testcase.Day2 -->
