<?xml version="1.0" encoding="UTF-8"?>
<!-- Generated by org.testng.reporters.JUnitReportReporter -->
<testsuite name="com.myframework.pom.testcase.TC_VerifyFlightBookingFunctionality" tests="1" time="3.049" ignored="0" failures="0" timestamp="21 Sep 2021 17:14:58 GMT" skipped="0" hostname="IN2411401W1" errors="0">
  <testcase name="flightBookingTest" time="3.049" classname="com.myframework.pom.testcase.TC_VerifyFlightBookingFunctionality"/>
</testsuite> <!-- com.myframework.pom.testcase.TC_VerifyFlightBookingFunctionality -->
