<?xml version="1.0" encoding="UTF-8"?>
<!-- Generated by org.testng.reporters.JUnitReportReporter -->
<testsuite name="com.myframework.pom.testcase.TestCase_01" tests="1" time="0.012" ignored="0" failures="0" timestamp="13 May 2021 14:27:06 GMT" skipped="0" hostname="IN2411401W1" errors="0">
  <testcase name="demo" time="0.012" classname="com.myframework.pom.testcase.TestCase_01"/>
</testsuite> <!-- com.myframework.pom.testcase.TestCase_01 -->
