<?xml version="1.0" encoding="UTF-8"?>
<!-- Generated by org.testng.reporters.JUnitReportReporter -->
<testsuite name="BaseTest.BaseTest" tests="1" time="5.880" ignored="0" failures="0" timestamp="11 May 2021 14:46:25 GMT" skipped="0" hostname="IN2411401W1" errors="0">
  <testcase name="test" time="5.880" classname="BaseTest.BaseTest"/>
</testsuite> <!-- BaseTest.BaseTest -->
