<?xml version="1.0" encoding="UTF-8"?>
<!-- Generated by org.testng.reporters.JUnitReportReporter -->
<testsuite name="com.myframework.pom.testcase.TestCase_02" tests="3" time="0.004" ignored="0" failures="0" timestamp="13 May 2021 14:24:30 GMT" skipped="0" hostname="IN2411401W1" errors="0">
  <testcase name="demo5" time="0.002" classname="com.myframework.pom.testcase.TestCase_02"/>
  <testcase name="demo6" time="0.001" classname="com.myframework.pom.testcase.TestCase_02"/>
  <testcase name="demo4" time="0.001" classname="com.myframework.pom.testcase.TestCase_02"/>
</testsuite> <!-- com.myframework.pom.testcase.TestCase_02 -->
