<?xml version="1.0" encoding="UTF-8"?>
<!-- Generated by org.testng.reporters.JUnitReportReporter -->
<testsuite name="com.myfirstframework.utility.ExcelReader" tests="1" time="0.964" ignored="0" failures="0" timestamp="05 Sep 2021 13:31:23 GMT" skipped="0" hostname="IN2411401W1" errors="0">
  <testcase name="readData" time="0.964" classname="com.myfirstframework.utility.ExcelReader"/>
</testsuite> <!-- com.myfirstframework.utility.ExcelReader -->
