<?xml version="1.0" encoding="UTF-8"?>
<!-- Generated by org.testng.reporters.JUnitReportReporter -->
<testsuite name="com.myframework.pom.testcase.Day1Test" tests="3" time="0.005" ignored="0" failures="0" timestamp="14 May 2021 05:25:00 GMT" skipped="0" hostname="IN2411401W1" errors="0">
  <testcase name="demo3" time="0.001" classname="com.myframework.pom.testcase.Day1Test"/>
  <testcase name="demo1" time="0.003" classname="com.myframework.pom.testcase.Day1Test"/>
  <testcase name="demo2" time="0.001" classname="com.myframework.pom.testcase.Day1Test"/>
</testsuite> <!-- com.myframework.pom.testcase.Day1Test -->
