<?xml version="1.0" encoding="UTF-8"?>
<!-- Generated by org.testng.reporters.JUnitReportReporter -->
<testsuite name="com.myframework.pom.testcase.Day1Test" tests="2" time="0.005" ignored="1" failures="0" timestamp="14 May 2021 05:08:38 GMT" skipped="0" hostname="IN2411401W1" errors="0">
  <testcase name="demo1" time="0.005" classname="com.myframework.pom.testcase.Day1Test"/>
  <testcase name="demo3" time="0.000" classname="com.myframework.pom.testcase.Day1Test"/>
  <testcase name="demo2" classname="com.myframework.pom.testcase.Day1Test">
    <skipped/>
  </testcase> <!-- demo2 -->
</testsuite> <!-- com.myframework.pom.testcase.Day1Test -->
